0 info it worked if it ends with ok
1 verbose cli [ 'C:\\Program Files\\nodejs\\node.exe',
1 verbose cli   'C:\\Program Files\\nodejs\\node_modules\\npm\\bin\\npm-cli.js',
1 verbose cli   'install',
1 verbose cli   'mousewheel' ]
2 info using npm@2.11.3
3 info using node@v0.12.7
4 verbose install initial load of C:\WebServers\home\electronik\package.json
5 verbose installManyTop reading scoped package data from C:\WebServers\home\electronik\node_modules\gulp\package.json
6 verbose installManyTop reading scoped package data from C:\WebServers\home\electronik\node_modules\gulp-autoprefixer\package.json
7 verbose installManyTop reading scoped package data from C:\WebServers\home\electronik\node_modules\gulp-changed\package.json
8 verbose installManyTop reading scoped package data from C:\WebServers\home\electronik\node_modules\gulp-concat\package.json
9 verbose installManyTop reading scoped package data from C:\WebServers\home\electronik\node_modules\gulp-imagemin\package.json
10 verbose installManyTop reading scoped package data from C:\WebServers\home\electronik\node_modules\gulp-jade\package.json
11 verbose installManyTop reading scoped package data from C:\WebServers\home\electronik\node_modules\gulp-jshint\package.json
12 verbose installManyTop reading scoped package data from C:\WebServers\home\electronik\node_modules\gulp-minify-css\package.json
13 verbose installManyTop reading scoped package data from C:\WebServers\home\electronik\node_modules\gulp-minify-html\package.json
14 verbose installManyTop reading scoped package data from C:\WebServers\home\electronik\node_modules\gulp-notify\package.json
15 verbose installManyTop reading scoped package data from C:\WebServers\home\electronik\node_modules\gulp-sass\package.json
16 verbose installManyTop reading scoped package data from C:\WebServers\home\electronik\node_modules\gulp-sourcemaps\package.json
17 verbose installManyTop reading scoped package data from C:\WebServers\home\electronik\node_modules\gulp-strip-debug\package.json
18 verbose installManyTop reading scoped package data from C:\WebServers\home\electronik\node_modules\gulp-uglify\package.json
19 verbose installManyTop reading scoped package data from C:\WebServers\home\electronik\node_modules\jade\package.json
20 verbose installManyTop reading scoped package data from C:\WebServers\home\electronik\node_modules\lodash\package.json
21 verbose installManyTop reading scoped package data from C:\WebServers\home\electronik\node_modules\video.js\package.json
22 verbose installManyTop reading scoped package data from C:\WebServers\home\electronik\node_modules\videojs-font\package.json
23 info package.json gulp-minify-html@1.0.5 No repository field.
24 info package.json gulp-minify-css@1.2.3 No repository field.
25 info package.json gulp-notify@2.2.0 No license field.
26 verbose readDependencies loading dependencies from C:\WebServers\home\electronik\package.json
27 silly cache add args [ 'mousewheel', null ]
28 verbose cache add spec mousewheel
29 silly cache add parsed spec { raw: 'mousewheel',
29 silly cache add   scope: null,
29 silly cache add   name: 'mousewheel',
29 silly cache add   rawSpec: '',
29 silly cache add   spec: '*',
29 silly cache add   type: 'range' }
30 silly addNamed mousewheel@*
31 verbose addNamed "*" is a valid semver range for mousewheel
32 silly addNameRange { name: 'mousewheel', range: '*', hasData: false }
33 silly mapToRegistry name mousewheel
34 silly mapToRegistry using default registry
35 silly mapToRegistry registry https://registry.npmjs.org/
36 silly mapToRegistry uri https://registry.npmjs.org/mousewheel
37 verbose addNameRange registry:https://registry.npmjs.org/mousewheel not in flight; fetching
38 verbose request uri https://registry.npmjs.org/mousewheel
39 verbose request no auth needed
40 info attempt registry request try #1 at 13:44:19
41 verbose request id cb89f5fc1de24e7d
42 http request GET https://registry.npmjs.org/mousewheel
43 http 404 https://registry.npmjs.org/mousewheel
44 verbose headers { 'content-type': 'application/json',
44 verbose headers   'cache-control': 'max-age=0',
44 verbose headers   'content-length': '2',
44 verbose headers   'accept-ranges': 'bytes',
44 verbose headers   date: 'Tue, 26 Jan 2016 11:45:32 GMT',
44 verbose headers   via: '1.1 varnish',
44 verbose headers   age: '0',
44 verbose headers   connection: 'keep-alive',
44 verbose headers   'x-served-by': 'cache-fra1222-FRA',
44 verbose headers   'x-cache': 'MISS',
44 verbose headers   'x-cache-hits': '0',
44 verbose headers   'x-timer': 'S1453808731.890712,VS0,VE744' }
45 silly get cb [ 404,
45 silly get   { 'content-type': 'application/json',
45 silly get     'cache-control': 'max-age=0',
45 silly get     'content-length': '2',
45 silly get     'accept-ranges': 'bytes',
45 silly get     date: 'Tue, 26 Jan 2016 11:45:32 GMT',
45 silly get     via: '1.1 varnish',
45 silly get     age: '0',
45 silly get     connection: 'keep-alive',
45 silly get     'x-served-by': 'cache-fra1222-FRA',
45 silly get     'x-cache': 'MISS',
45 silly get     'x-cache-hits': '0',
45 silly get     'x-timer': 'S1453808731.890712,VS0,VE744' } ]
46 verbose stack Error: Registry returned 404 for GET on https://registry.npmjs.org/mousewheel
46 verbose stack     at CachingRegistryClient.<anonymous> (C:\Program Files\nodejs\node_modules\npm\node_modules\npm-registry-client\lib\request.js:239:14)
46 verbose stack     at Request._callback (C:\Program Files\nodejs\node_modules\npm\node_modules\npm-registry-client\lib\request.js:170:14)
46 verbose stack     at Request.self.callback (C:\Program Files\nodejs\node_modules\npm\node_modules\request\request.js:354:22)
46 verbose stack     at Request.emit (events.js:110:17)
46 verbose stack     at Request.<anonymous> (C:\Program Files\nodejs\node_modules\npm\node_modules\request\request.js:1207:14)
46 verbose stack     at Request.emit (events.js:129:20)
46 verbose stack     at IncomingMessage.<anonymous> (C:\Program Files\nodejs\node_modules\npm\node_modules\request\request.js:1153:12)
46 verbose stack     at IncomingMessage.emit (events.js:129:20)
46 verbose stack     at _stream_readable.js:908:16
46 verbose stack     at process._tickCallback (node.js:355:11)
47 verbose statusCode 404
48 verbose pkgid mousewheel
49 verbose cwd C:\WebServers\home\electronik
50 error Windows_NT 6.3.9600
51 error argv "C:\\Program Files\\nodejs\\node.exe" "C:\\Program Files\\nodejs\\node_modules\\npm\\bin\\npm-cli.js" "install" "mousewheel"
52 error node v0.12.7
53 error npm  v2.11.3
54 error code E404
55 error 404 Registry returned 404 for GET on https://registry.npmjs.org/mousewheel
55 error 404
55 error 404 'mousewheel' is not in the npm registry.
55 error 404 You should bug the author to publish it (or use the name yourself!)
55 error 404 It was specified as a dependency of 'electronik'
55 error 404
55 error 404 Note that you can also install from a
55 error 404 tarball, folder, http url, or git url.
56 verbose exit [ 1, true ]
